<?xml version="1.0" encoding="UTF-8"?>
<!-- Generated by org.testng.reporters.JUnitReportReporter -->
<testsuite hostname="LAPTOP-Q5E25PUN" failures="0" tests="3" name="com.bridgelabz_Selenium_Keyword_DrivenFramework.LoginTest" time="201.717" errors="0" timestamp="2022-07-25T14:13:00 IST" skipped="0">
  <testcase classname="com.bridgelabz_Selenium_Keyword_DrivenFramework.LoginTest" name="loginTest" time="85.244"/>
  <system-out/>
  <testcase classname="com.bridgelabz_Selenium_Keyword_DrivenFramework.LoginTest" name="signUpTest" time="34.359"/>
  <system-out/>
  <testcase classname="com.bridgelabz_Selenium_Keyword_DrivenFramework.LoginTest" name="loginTestValidation" time="82.114"/>
  <system-out/>
</testsuite> <!-- com.bridgelabz_Selenium_Keyword_DrivenFramework.LoginTest -->
